mode: set
github.com/npcomplete777/snowflakereceiver/receiver/client.go:169.87,174.2 1 1
github.com/npcomplete777/snowflakereceiver/receiver/client.go:176.62,177.20 1 0
github.com/npcomplete777/snowflakereceiver/receiver/client.go:177.20,179.6 1 0
github.com/npcomplete777/snowflakereceiver/receiver/client.go:181.5,191.19 3 0
github.com/npcomplete777/snowflakereceiver/receiver/client.go:191.19,193.6 1 0
github.com/npcomplete777/snowflakereceiver/receiver/client.go:195.5,195.47 1 0
github.com/npcomplete777/snowflakereceiver/receiver/client.go:195.47,197.6 1 0
github.com/npcomplete777/snowflakereceiver/receiver/client.go:199.5,201.15 3 0
github.com/npcomplete777/snowflakereceiver/receiver/client.go:204.88,207.48 2 1
github.com/npcomplete777/snowflakereceiver/receiver/client.go:207.48,208.67 1 1
github.com/npcomplete777/snowflakereceiver/receiver/client.go:208.67,210.10 1 1
github.com/npcomplete777/snowflakereceiver/receiver/client.go:213.5,213.47 1 1
github.com/npcomplete777/snowflakereceiver/receiver/client.go:213.47,214.66 1 1
github.com/npcomplete777/snowflakereceiver/receiver/client.go:214.66,216.10 1 0
github.com/npcomplete777/snowflakereceiver/receiver/client.go:219.5,219.46 1 1
github.com/npcomplete777/snowflakereceiver/receiver/client.go:219.46,220.65 1 1
github.com/npcomplete777/snowflakereceiver/receiver/client.go:220.65,222.10 1 1
github.com/npcomplete777/snowflakereceiver/receiver/client.go:225.5,225.45 1 1
github.com/npcomplete777/snowflakereceiver/receiver/client.go:225.45,226.64 1 1
github.com/npcomplete777/snowflakereceiver/receiver/client.go:226.64,228.10 1 1
github.com/npcomplete777/snowflakereceiver/receiver/client.go:231.5,231.48 1 1
github.com/npcomplete777/snowflakereceiver/receiver/client.go:231.48,232.65 1 1
github.com/npcomplete777/snowflakereceiver/receiver/client.go:232.65,234.10 1 1
github.com/npcomplete777/snowflakereceiver/receiver/client.go:237.5,237.46 1 1
github.com/npcomplete777/snowflakereceiver/receiver/client.go:237.46,238.65 1 1
github.com/npcomplete777/snowflakereceiver/receiver/client.go:238.65,240.10 1 1
github.com/npcomplete777/snowflakereceiver/receiver/client.go:243.5,243.46 1 1
github.com/npcomplete777/snowflakereceiver/receiver/client.go:243.46,244.62 1 1
github.com/npcomplete777/snowflakereceiver/receiver/client.go:244.62,246.10 1 1
github.com/npcomplete777/snowflakereceiver/receiver/client.go:249.5,249.49 1 1
github.com/npcomplete777/snowflakereceiver/receiver/client.go:249.49,250.68 1 1
github.com/npcomplete777/snowflakereceiver/receiver/client.go:250.68,252.10 1 1
github.com/npcomplete777/snowflakereceiver/receiver/client.go:255.5,255.45 1 1
github.com/npcomplete777/snowflakereceiver/receiver/client.go:255.45,256.64 1 1
github.com/npcomplete777/snowflakereceiver/receiver/client.go:256.64,258.10 1 1
github.com/npcomplete777/snowflakereceiver/receiver/client.go:261.5,261.50 1 1
github.com/npcomplete777/snowflakereceiver/receiver/client.go:261.50,262.69 1 1
github.com/npcomplete777/snowflakereceiver/receiver/client.go:262.69,264.10 1 1
github.com/npcomplete777/snowflakereceiver/receiver/client.go:267.5,267.55 1 1
github.com/npcomplete777/snowflakereceiver/receiver/client.go:267.55,268.74 1 1
github.com/npcomplete777/snowflakereceiver/receiver/client.go:268.74,270.10 1 1
github.com/npcomplete777/snowflakereceiver/receiver/client.go:273.5,273.37 1 1
github.com/npcomplete777/snowflakereceiver/receiver/client.go:273.37,274.51 1 0
github.com/npcomplete777/snowflakereceiver/receiver/client.go:274.51,275.80 1 0
github.com/npcomplete777/snowflakereceiver/receiver/client.go:275.80,277.14 1 0
github.com/npcomplete777/snowflakereceiver/receiver/client.go:279.9,279.50 1 0
github.com/npcomplete777/snowflakereceiver/receiver/client.go:279.50,280.79 1 0
github.com/npcomplete777/snowflakereceiver/receiver/client.go:280.79,282.14 1 0
github.com/npcomplete777/snowflakereceiver/receiver/client.go:284.9,284.54 1 0
github.com/npcomplete777/snowflakereceiver/receiver/client.go:284.54,285.83 1 0
github.com/npcomplete777/snowflakereceiver/receiver/client.go:285.83,287.14 1 0
github.com/npcomplete777/snowflakereceiver/receiver/client.go:289.9,289.55 1 0
github.com/npcomplete777/snowflakereceiver/receiver/client.go:289.55,290.84 1 0
github.com/npcomplete777/snowflakereceiver/receiver/client.go:290.84,292.14 1 0
github.com/npcomplete777/snowflakereceiver/receiver/client.go:296.5,296.38 1 1
github.com/npcomplete777/snowflakereceiver/receiver/client.go:296.38,297.57 1 0
github.com/npcomplete777/snowflakereceiver/receiver/client.go:297.57,298.71 1 0
github.com/npcomplete777/snowflakereceiver/receiver/client.go:298.71,300.14 1 0
github.com/npcomplete777/snowflakereceiver/receiver/client.go:302.9,302.58 1 0
github.com/npcomplete777/snowflakereceiver/receiver/client.go:302.58,303.72 1 0
github.com/npcomplete777/snowflakereceiver/receiver/client.go:303.72,305.14 1 0
github.com/npcomplete777/snowflakereceiver/receiver/client.go:307.9,307.58 1 0
github.com/npcomplete777/snowflakereceiver/receiver/client.go:307.58,308.72 1 0
github.com/npcomplete777/snowflakereceiver/receiver/client.go:308.72,310.14 1 0
github.com/npcomplete777/snowflakereceiver/receiver/client.go:312.9,312.59 1 0
github.com/npcomplete777/snowflakereceiver/receiver/client.go:312.59,313.73 1 0
github.com/npcomplete777/snowflakereceiver/receiver/client.go:313.73,315.14 1 0
github.com/npcomplete777/snowflakereceiver/receiver/client.go:319.5,319.39 1 1
github.com/npcomplete777/snowflakereceiver/receiver/client.go:319.39,320.62 1 0
github.com/npcomplete777/snowflakereceiver/receiver/client.go:320.62,321.78 1 0
github.com/npcomplete777/snowflakereceiver/receiver/client.go:321.78,325.14 1 0
github.com/npcomplete777/snowflakereceiver/receiver/client.go:329.5,329.24 1 1
github.com/npcomplete777/snowflakereceiver/receiver/client.go:332.101,347.19 3 1
github.com/npcomplete777/snowflakereceiver/receiver/client.go:347.19,349.6 1 1
github.com/npcomplete777/snowflakereceiver/receiver/client.go:350.5,352.21 2 1
github.com/npcomplete777/snowflakereceiver/receiver/client.go:352.21,361.23 2 1
github.com/npcomplete777/snowflakereceiver/receiver/client.go:361.23,363.10 1 0
github.com/npcomplete777/snowflakereceiver/receiver/client.go:364.9,364.69 1 1
github.com/npcomplete777/snowflakereceiver/receiver/client.go:367.5,367.22 1 1
github.com/npcomplete777/snowflakereceiver/receiver/client.go:370.100,384.19 3 1
github.com/npcomplete777/snowflakereceiver/receiver/client.go:384.19,386.6 1 0
github.com/npcomplete777/snowflakereceiver/receiver/client.go:387.5,389.21 2 1
github.com/npcomplete777/snowflakereceiver/receiver/client.go:389.21,397.23 2 1
github.com/npcomplete777/snowflakereceiver/receiver/client.go:397.23,399.10 1 0
github.com/npcomplete777/snowflakereceiver/receiver/client.go:400.9,400.67 1 1
github.com/npcomplete777/snowflakereceiver/receiver/client.go:403.5,403.22 1 1
github.com/npcomplete777/snowflakereceiver/receiver/client.go:406.99,424.19 3 1
github.com/npcomplete777/snowflakereceiver/receiver/client.go:424.19,426.6 1 1
github.com/npcomplete777/snowflakereceiver/receiver/client.go:427.5,429.21 2 1
github.com/npcomplete777/snowflakereceiver/receiver/client.go:429.21,441.23 2 1
github.com/npcomplete777/snowflakereceiver/receiver/client.go:441.23,443.10 1 0
github.com/npcomplete777/snowflakereceiver/receiver/client.go:444.9,444.61 1 1
github.com/npcomplete777/snowflakereceiver/receiver/client.go:447.5,447.22 1 1
github.com/npcomplete777/snowflakereceiver/receiver/client.go:450.98,463.19 3 1
github.com/npcomplete777/snowflakereceiver/receiver/client.go:463.19,465.6 1 1
github.com/npcomplete777/snowflakereceiver/receiver/client.go:466.5,468.21 2 1
github.com/npcomplete777/snowflakereceiver/receiver/client.go:468.21,475.23 2 1
github.com/npcomplete777/snowflakereceiver/receiver/client.go:475.23,477.10 1 0
github.com/npcomplete777/snowflakereceiver/receiver/client.go:478.9,478.63 1 1
github.com/npcomplete777/snowflakereceiver/receiver/client.go:481.5,481.22 1 1
github.com/npcomplete777/snowflakereceiver/receiver/client.go:484.99,495.19 3 1
github.com/npcomplete777/snowflakereceiver/receiver/client.go:495.19,497.6 1 1
github.com/npcomplete777/snowflakereceiver/receiver/client.go:498.5,500.20 2 1
github.com/npcomplete777/snowflakereceiver/receiver/client.go:500.20,506.23 2 1
github.com/npcomplete777/snowflakereceiver/receiver/client.go:506.23,508.10 1 0
github.com/npcomplete777/snowflakereceiver/receiver/client.go:509.9,509.65 1 1
github.com/npcomplete777/snowflakereceiver/receiver/client.go:512.5,512.22 1 1
github.com/npcomplete777/snowflakereceiver/receiver/client.go:515.99,527.19 3 1
github.com/npcomplete777/snowflakereceiver/receiver/client.go:527.19,529.6 1 1
github.com/npcomplete777/snowflakereceiver/receiver/client.go:530.5,532.21 2 1
github.com/npcomplete777/snowflakereceiver/receiver/client.go:532.21,538.23 2 1
github.com/npcomplete777/snowflakereceiver/receiver/client.go:538.23,540.10 1 0
github.com/npcomplete777/snowflakereceiver/receiver/client.go:541.9,541.65 1 1
github.com/npcomplete777/snowflakereceiver/receiver/client.go:544.5,544.22 1 1
github.com/npcomplete777/snowflakereceiver/receiver/client.go:547.96,560.19 3 1
github.com/npcomplete777/snowflakereceiver/receiver/client.go:560.19,562.6 1 1
github.com/npcomplete777/snowflakereceiver/receiver/client.go:563.5,565.21 2 1
github.com/npcomplete777/snowflakereceiver/receiver/client.go:565.21,572.23 2 1
github.com/npcomplete777/snowflakereceiver/receiver/client.go:572.23,574.10 1 0
github.com/npcomplete777/snowflakereceiver/receiver/client.go:575.9,575.59 1 1
github.com/npcomplete777/snowflakereceiver/receiver/client.go:578.5,578.22 1 1
github.com/npcomplete777/snowflakereceiver/receiver/client.go:581.102,593.19 3 1
github.com/npcomplete777/snowflakereceiver/receiver/client.go:593.19,595.6 1 1
github.com/npcomplete777/snowflakereceiver/receiver/client.go:596.5,598.21 2 1
github.com/npcomplete777/snowflakereceiver/receiver/client.go:598.21,604.23 2 1
github.com/npcomplete777/snowflakereceiver/receiver/client.go:604.23,606.10 1 0
github.com/npcomplete777/snowflakereceiver/receiver/client.go:607.9,607.71 1 1
github.com/npcomplete777/snowflakereceiver/receiver/client.go:610.5,610.22 1 1
github.com/npcomplete777/snowflakereceiver/receiver/client.go:613.98,630.19 3 1
github.com/npcomplete777/snowflakereceiver/receiver/client.go:630.19,632.6 1 1
github.com/npcomplete777/snowflakereceiver/receiver/client.go:633.5,635.21 2 1
github.com/npcomplete777/snowflakereceiver/receiver/client.go:635.21,644.23 2 1
github.com/npcomplete777/snowflakereceiver/receiver/client.go:644.23,646.10 1 0
github.com/npcomplete777/snowflakereceiver/receiver/client.go:647.9,647.63 1 1
github.com/npcomplete777/snowflakereceiver/receiver/client.go:650.5,650.22 1 1
github.com/npcomplete777/snowflakereceiver/receiver/client.go:653.103,665.19 3 1
github.com/npcomplete777/snowflakereceiver/receiver/client.go:665.19,667.6 1 1
github.com/npcomplete777/snowflakereceiver/receiver/client.go:668.5,670.21 2 1
github.com/npcomplete777/snowflakereceiver/receiver/client.go:670.21,676.23 2 1
github.com/npcomplete777/snowflakereceiver/receiver/client.go:676.23,678.10 1 0
github.com/npcomplete777/snowflakereceiver/receiver/client.go:679.9,679.73 1 1
github.com/npcomplete777/snowflakereceiver/receiver/client.go:682.5,682.22 1 1
github.com/npcomplete777/snowflakereceiver/receiver/client.go:685.108,701.19 3 1
github.com/npcomplete777/snowflakereceiver/receiver/client.go:701.19,703.6 1 1
github.com/npcomplete777/snowflakereceiver/receiver/client.go:704.5,706.21 2 1
github.com/npcomplete777/snowflakereceiver/receiver/client.go:706.21,715.23 2 1
github.com/npcomplete777/snowflakereceiver/receiver/client.go:715.23,717.10 1 0
github.com/npcomplete777/snowflakereceiver/receiver/client.go:718.9,718.83 1 1
github.com/npcomplete777/snowflakereceiver/receiver/client.go:721.5,721.22 1 1
github.com/npcomplete777/snowflakereceiver/receiver/client.go:724.119,725.45 1 1
github.com/npcomplete777/snowflakereceiver/receiver/client.go:725.45,727.6 1 1
github.com/npcomplete777/snowflakereceiver/receiver/client.go:729.5,741.19 3 1
github.com/npcomplete777/snowflakereceiver/receiver/client.go:741.19,743.6 1 0
github.com/npcomplete777/snowflakereceiver/receiver/client.go:744.5,747.21 3 1
github.com/npcomplete777/snowflakereceiver/receiver/client.go:747.21,753.23 2 1
github.com/npcomplete777/snowflakereceiver/receiver/client.go:753.23,755.10 1 0
github.com/npcomplete777/snowflakereceiver/receiver/client.go:756.9,756.37 1 1
github.com/npcomplete777/snowflakereceiver/receiver/client.go:759.5,759.22 1 1
github.com/npcomplete777/snowflakereceiver/receiver/client.go:760.18,761.40 1 1
github.com/npcomplete777/snowflakereceiver/receiver/client.go:762.17,763.39 1 0
github.com/npcomplete777/snowflakereceiver/receiver/client.go:764.21,765.43 1 0
github.com/npcomplete777/snowflakereceiver/receiver/client.go:766.22,767.44 1 0
github.com/npcomplete777/snowflakereceiver/receiver/client.go:770.5,770.22 1 1
github.com/npcomplete777/snowflakereceiver/receiver/client.go:773.101,797.19 4 1
github.com/npcomplete777/snowflakereceiver/receiver/client.go:797.19,799.6 1 0
github.com/npcomplete777/snowflakereceiver/receiver/client.go:800.5,802.21 2 1
github.com/npcomplete777/snowflakereceiver/receiver/client.go:802.21,809.23 2 1
github.com/npcomplete777/snowflakereceiver/receiver/client.go:809.23,811.10 1 0
github.com/npcomplete777/snowflakereceiver/receiver/client.go:812.9,812.69 1 1
github.com/npcomplete777/snowflakereceiver/receiver/client.go:815.5,815.22 1 1
github.com/npcomplete777/snowflakereceiver/receiver/client.go:818.102,843.19 4 1
github.com/npcomplete777/snowflakereceiver/receiver/client.go:843.19,845.6 1 0
github.com/npcomplete777/snowflakereceiver/receiver/client.go:846.5,848.21 2 1
github.com/npcomplete777/snowflakereceiver/receiver/client.go:848.21,856.23 2 1
github.com/npcomplete777/snowflakereceiver/receiver/client.go:856.23,858.10 1 0
github.com/npcomplete777/snowflakereceiver/receiver/client.go:859.9,859.71 1 1
github.com/npcomplete777/snowflakereceiver/receiver/client.go:862.5,862.22 1 1
github.com/npcomplete777/snowflakereceiver/receiver/client.go:865.102,895.19 4 1
github.com/npcomplete777/snowflakereceiver/receiver/client.go:895.19,897.6 1 0
github.com/npcomplete777/snowflakereceiver/receiver/client.go:898.5,900.21 2 1
github.com/npcomplete777/snowflakereceiver/receiver/client.go:900.21,909.23 2 1
github.com/npcomplete777/snowflakereceiver/receiver/client.go:909.23,911.10 1 0
github.com/npcomplete777/snowflakereceiver/receiver/client.go:912.9,912.71 1 1
github.com/npcomplete777/snowflakereceiver/receiver/client.go:915.5,915.22 1 1
github.com/npcomplete777/snowflakereceiver/receiver/client.go:918.103,941.19 4 1
github.com/npcomplete777/snowflakereceiver/receiver/client.go:941.19,943.6 1 0
github.com/npcomplete777/snowflakereceiver/receiver/client.go:944.5,946.21 2 1
github.com/npcomplete777/snowflakereceiver/receiver/client.go:946.21,953.23 2 1
github.com/npcomplete777/snowflakereceiver/receiver/client.go:953.23,955.10 1 0
github.com/npcomplete777/snowflakereceiver/receiver/client.go:956.9,956.73 1 1
github.com/npcomplete777/snowflakereceiver/receiver/client.go:959.5,959.22 1 1
github.com/npcomplete777/snowflakereceiver/receiver/client.go:962.120,964.19 2 1
github.com/npcomplete777/snowflakereceiver/receiver/client.go:964.19,966.6 1 0
github.com/npcomplete777/snowflakereceiver/receiver/client.go:967.5,970.19 3 1
github.com/npcomplete777/snowflakereceiver/receiver/client.go:970.19,972.6 1 0
github.com/npcomplete777/snowflakereceiver/receiver/client.go:974.5,976.21 2 1
github.com/npcomplete777/snowflakereceiver/receiver/client.go:976.21,979.31 3 1
github.com/npcomplete777/snowflakereceiver/receiver/client.go:979.31,981.10 1 1
github.com/npcomplete777/snowflakereceiver/receiver/client.go:983.9,983.55 1 1
github.com/npcomplete777/snowflakereceiver/receiver/client.go:983.55,985.10 1 0
github.com/npcomplete777/snowflakereceiver/receiver/client.go:987.9,988.37 2 1
github.com/npcomplete777/snowflakereceiver/receiver/client.go:988.37,990.10 1 1
github.com/npcomplete777/snowflakereceiver/receiver/client.go:991.9,991.45 1 1
github.com/npcomplete777/snowflakereceiver/receiver/client.go:994.5,1000.22 2 1
github.com/npcomplete777/snowflakereceiver/receiver/config.go:44.89,45.25 1 1
github.com/npcomplete777/snowflakereceiver/receiver/config.go:45.25,47.6 1 1
github.com/npcomplete777/snowflakereceiver/receiver/config.go:48.5,49.19 2 1
github.com/npcomplete777/snowflakereceiver/receiver/config.go:49.19,51.6 1 1
github.com/npcomplete777/snowflakereceiver/receiver/config.go:52.5,52.20 1 1
github.com/npcomplete777/snowflakereceiver/receiver/config.go:88.89,89.25 1 1
github.com/npcomplete777/snowflakereceiver/receiver/config.go:89.25,91.6 1 0
github.com/npcomplete777/snowflakereceiver/receiver/config.go:92.5,93.19 2 1
github.com/npcomplete777/snowflakereceiver/receiver/config.go:93.19,95.6 1 0
github.com/npcomplete777/snowflakereceiver/receiver/config.go:96.5,96.20 1 1
github.com/npcomplete777/snowflakereceiver/receiver/config.go:100.62,101.33 1 1
github.com/npcomplete777/snowflakereceiver/receiver/config.go:101.33,103.6 1 0
github.com/npcomplete777/snowflakereceiver/receiver/config.go:104.5,104.31 1 1
github.com/npcomplete777/snowflakereceiver/receiver/config.go:107.57,108.28 1 1
github.com/npcomplete777/snowflakereceiver/receiver/config.go:108.28,110.6 1 0
github.com/npcomplete777/snowflakereceiver/receiver/config.go:111.5,111.26 1 1
github.com/npcomplete777/snowflakereceiver/receiver/config.go:114.57,115.28 1 1
github.com/npcomplete777/snowflakereceiver/receiver/config.go:115.28,117.6 1 0
github.com/npcomplete777/snowflakereceiver/receiver/config.go:118.5,118.26 1 1
github.com/npcomplete777/snowflakereceiver/receiver/config.go:121.57,122.28 1 1
github.com/npcomplete777/snowflakereceiver/receiver/config.go:122.28,124.6 1 0
github.com/npcomplete777/snowflakereceiver/receiver/config.go:125.5,125.21 1 1
github.com/npcomplete777/snowflakereceiver/receiver/config.go:128.55,129.26 1 1
github.com/npcomplete777/snowflakereceiver/receiver/config.go:129.26,131.6 1 0
github.com/npcomplete777/snowflakereceiver/receiver/config.go:132.5,132.24 1 1
github.com/npcomplete777/snowflakereceiver/receiver/config.go:150.90,151.25 1 1
github.com/npcomplete777/snowflakereceiver/receiver/config.go:151.25,153.6 1 0
github.com/npcomplete777/snowflakereceiver/receiver/config.go:154.5,155.19 2 1
github.com/npcomplete777/snowflakereceiver/receiver/config.go:155.19,157.6 1 0
github.com/npcomplete777/snowflakereceiver/receiver/config.go:158.5,158.20 1 1
github.com/npcomplete777/snowflakereceiver/receiver/config.go:161.63,162.33 1 1
github.com/npcomplete777/snowflakereceiver/receiver/config.go:162.33,164.6 1 0
github.com/npcomplete777/snowflakereceiver/receiver/config.go:165.5,165.31 1 1
github.com/npcomplete777/snowflakereceiver/receiver/config.go:168.58,169.28 1 1
github.com/npcomplete777/snowflakereceiver/receiver/config.go:169.28,171.6 1 0
github.com/npcomplete777/snowflakereceiver/receiver/config.go:172.5,172.26 1 1
github.com/npcomplete777/snowflakereceiver/receiver/config.go:175.59,176.29 1 1
github.com/npcomplete777/snowflakereceiver/receiver/config.go:176.29,178.6 1 0
github.com/npcomplete777/snowflakereceiver/receiver/config.go:179.5,179.35 1 1
github.com/npcomplete777/snowflakereceiver/receiver/config.go:182.57,183.27 1 1
github.com/npcomplete777/snowflakereceiver/receiver/config.go:183.27,185.6 1 0
github.com/npcomplete777/snowflakereceiver/receiver/config.go:186.5,186.33 1 1
github.com/npcomplete777/snowflakereceiver/receiver/config.go:189.60,190.30 1 1
github.com/npcomplete777/snowflakereceiver/receiver/config.go:190.30,192.6 1 0
github.com/npcomplete777/snowflakereceiver/receiver/config.go:193.5,193.36 1 1
github.com/npcomplete777/snowflakereceiver/receiver/config.go:196.56,197.26 1 1
github.com/npcomplete777/snowflakereceiver/receiver/config.go:197.26,199.6 1 0
github.com/npcomplete777/snowflakereceiver/receiver/config.go:200.5,200.24 1 1
github.com/npcomplete777/snowflakereceiver/receiver/config.go:219.90,220.25 1 1
github.com/npcomplete777/snowflakereceiver/receiver/config.go:220.25,222.6 1 0
github.com/npcomplete777/snowflakereceiver/receiver/config.go:223.5,224.19 2 1
github.com/npcomplete777/snowflakereceiver/receiver/config.go:224.19,226.6 1 0
github.com/npcomplete777/snowflakereceiver/receiver/config.go:227.5,227.20 1 1
github.com/npcomplete777/snowflakereceiver/receiver/config.go:230.63,231.33 1 1
github.com/npcomplete777/snowflakereceiver/receiver/config.go:231.33,233.6 1 0
github.com/npcomplete777/snowflakereceiver/receiver/config.go:234.5,234.31 1 1
github.com/npcomplete777/snowflakereceiver/receiver/config.go:237.64,238.34 1 1
github.com/npcomplete777/snowflakereceiver/receiver/config.go:238.34,240.6 1 0
github.com/npcomplete777/snowflakereceiver/receiver/config.go:241.5,241.33 1 1
github.com/npcomplete777/snowflakereceiver/receiver/config.go:244.64,245.34 1 1
github.com/npcomplete777/snowflakereceiver/receiver/config.go:245.34,247.6 1 0
github.com/npcomplete777/snowflakereceiver/receiver/config.go:248.5,248.33 1 1
github.com/npcomplete777/snowflakereceiver/receiver/config.go:251.59,252.29 1 1
github.com/npcomplete777/snowflakereceiver/receiver/config.go:252.29,254.6 1 0
github.com/npcomplete777/snowflakereceiver/receiver/config.go:255.5,255.27 1 1
github.com/npcomplete777/snowflakereceiver/receiver/config.go:258.59,259.29 1 1
github.com/npcomplete777/snowflakereceiver/receiver/config.go:259.29,261.6 1 0
github.com/npcomplete777/snowflakereceiver/receiver/config.go:262.5,262.27 1 1
github.com/npcomplete777/snowflakereceiver/receiver/config.go:265.63,266.33 1 1
github.com/npcomplete777/snowflakereceiver/receiver/config.go:266.33,268.6 1 0
github.com/npcomplete777/snowflakereceiver/receiver/config.go:269.5,269.31 1 1
github.com/npcomplete777/snowflakereceiver/receiver/config.go:272.59,273.29 1 1
github.com/npcomplete777/snowflakereceiver/receiver/config.go:273.29,275.6 1 0
github.com/npcomplete777/snowflakereceiver/receiver/config.go:276.5,276.27 1 1
github.com/npcomplete777/snowflakereceiver/receiver/config.go:293.91,294.25 1 1
github.com/npcomplete777/snowflakereceiver/receiver/config.go:294.25,296.6 1 0
github.com/npcomplete777/snowflakereceiver/receiver/config.go:297.5,298.19 2 1
github.com/npcomplete777/snowflakereceiver/receiver/config.go:298.19,300.6 1 0
github.com/npcomplete777/snowflakereceiver/receiver/config.go:301.5,301.20 1 1
github.com/npcomplete777/snowflakereceiver/receiver/config.go:304.64,305.33 1 1
github.com/npcomplete777/snowflakereceiver/receiver/config.go:305.33,307.6 1 0
github.com/npcomplete777/snowflakereceiver/receiver/config.go:308.5,308.31 1 1
github.com/npcomplete777/snowflakereceiver/receiver/config.go:311.62,312.31 1 1
github.com/npcomplete777/snowflakereceiver/receiver/config.go:312.31,314.6 1 0
github.com/npcomplete777/snowflakereceiver/receiver/config.go:315.5,315.29 1 1
github.com/npcomplete777/snowflakereceiver/receiver/config.go:318.59,319.28 1 1
github.com/npcomplete777/snowflakereceiver/receiver/config.go:319.28,321.6 1 0
github.com/npcomplete777/snowflakereceiver/receiver/config.go:322.5,322.26 1 1
github.com/npcomplete777/snowflakereceiver/receiver/config.go:325.61,326.30 1 1
github.com/npcomplete777/snowflakereceiver/receiver/config.go:326.30,328.6 1 0
github.com/npcomplete777/snowflakereceiver/receiver/config.go:329.5,329.28 1 1
github.com/npcomplete777/snowflakereceiver/receiver/config.go:332.57,333.26 1 1
github.com/npcomplete777/snowflakereceiver/receiver/config.go:333.26,335.6 1 0
github.com/npcomplete777/snowflakereceiver/receiver/config.go:336.5,336.24 1 1
github.com/npcomplete777/snowflakereceiver/receiver/config.go:354.80,355.25 1 1
github.com/npcomplete777/snowflakereceiver/receiver/config.go:355.25,357.6 1 0
github.com/npcomplete777/snowflakereceiver/receiver/config.go:358.5,359.19 2 1
github.com/npcomplete777/snowflakereceiver/receiver/config.go:359.19,361.6 1 0
github.com/npcomplete777/snowflakereceiver/receiver/config.go:362.5,362.20 1 1
github.com/npcomplete777/snowflakereceiver/receiver/config.go:367.52,384.32 3 1
github.com/npcomplete777/snowflakereceiver/receiver/config.go:384.32,391.6 1 1
github.com/npcomplete777/snowflakereceiver/receiver/config.go:393.5,393.33 1 1
github.com/npcomplete777/snowflakereceiver/receiver/config.go:393.33,400.6 1 1
github.com/npcomplete777/snowflakereceiver/receiver/config.go:402.5,402.39 1 1
github.com/npcomplete777/snowflakereceiver/receiver/config.go:402.39,403.52 1 1
github.com/npcomplete777/snowflakereceiver/receiver/config.go:403.52,405.39 2 1
github.com/npcomplete777/snowflakereceiver/receiver/config.go:405.39,407.14 1 1
github.com/npcomplete777/snowflakereceiver/receiver/config.go:411.5,411.23 1 1
github.com/npcomplete777/snowflakereceiver/receiver/config.go:415.76,417.2 1 1
github.com/npcomplete777/snowflakereceiver/receiver/config.go:419.77,421.2 1 1
github.com/npcomplete777/snowflakereceiver/receiver/config.go:423.77,425.2 1 1
github.com/npcomplete777/snowflakereceiver/receiver/config.go:427.78,429.2 1 1
github.com/npcomplete777/snowflakereceiver/receiver/config.go:432.45,484.2 1 1
github.com/npcomplete777/snowflakereceiver/receiver/config.go:487.37,488.23 1 1
github.com/npcomplete777/snowflakereceiver/receiver/config.go:488.23,490.6 1 1
github.com/npcomplete777/snowflakereceiver/receiver/config.go:491.5,491.27 1 1
github.com/npcomplete777/snowflakereceiver/receiver/config.go:491.27,493.6 1 1
github.com/npcomplete777/snowflakereceiver/receiver/config.go:494.5,494.26 1 1
github.com/npcomplete777/snowflakereceiver/receiver/config.go:494.26,496.6 1 1
github.com/npcomplete777/snowflakereceiver/receiver/config.go:497.5,497.28 1 1
github.com/npcomplete777/snowflakereceiver/receiver/config.go:497.28,499.6 1 1
github.com/npcomplete777/snowflakereceiver/receiver/config.go:500.5,500.15 1 1
github.com/npcomplete777/snowflakereceiver/receiver/factory.go:21.36,27.2 1 1
github.com/npcomplete777/snowflakereceiver/receiver/factory.go:34.29,42.19 4 1
github.com/npcomplete777/snowflakereceiver/receiver/factory.go:42.19,44.6 1 0
github.com/npcomplete777/snowflakereceiver/receiver/factory.go:46.5,52.19 3 1
github.com/npcomplete777/snowflakereceiver/receiver/factory.go:52.19,54.6 1 0
github.com/npcomplete777/snowflakereceiver/receiver/factory.go:56.5,61.6 1 1
github.com/npcomplete777/snowflakereceiver/receiver/scraper.go:22.97,24.19 2 1
github.com/npcomplete777/snowflakereceiver/receiver/scraper.go:24.19,26.6 1 0
github.com/npcomplete777/snowflakereceiver/receiver/scraper.go:28.5,33.11 1 1
github.com/npcomplete777/snowflakereceiver/receiver/scraper.go:36.89,38.16 2 1
github.com/npcomplete777/snowflakereceiver/receiver/scraper.go:38.16,40.6 1 1
github.com/npcomplete777/snowflakereceiver/receiver/scraper.go:41.5,41.43 1 1
github.com/npcomplete777/snowflakereceiver/receiver/scraper.go:44.59,46.2 1 1
github.com/npcomplete777/snowflakereceiver/receiver/scraper.go:48.81,49.49 1 0
github.com/npcomplete777/snowflakereceiver/receiver/scraper.go:49.49,52.6 2 0
github.com/npcomplete777/snowflakereceiver/receiver/scraper.go:54.5,55.19 2 0
github.com/npcomplete777/snowflakereceiver/receiver/scraper.go:55.19,58.6 2 0
github.com/npcomplete777/snowflakereceiver/receiver/scraper.go:60.5,60.40 1 0
github.com/npcomplete777/snowflakereceiver/receiver/scraper.go:63.84,76.83 9 1
github.com/npcomplete777/snowflakereceiver/receiver/scraper.go:76.83,78.56 2 1
github.com/npcomplete777/snowflakereceiver/receiver/scraper.go:78.56,81.10 2 1
github.com/npcomplete777/snowflakereceiver/receiver/scraper.go:84.5,84.81 1 1
github.com/npcomplete777/snowflakereceiver/receiver/scraper.go:84.81,86.55 2 0
github.com/npcomplete777/snowflakereceiver/receiver/scraper.go:86.55,89.10 2 0
github.com/npcomplete777/snowflakereceiver/receiver/scraper.go:92.5,92.77 1 1
github.com/npcomplete777/snowflakereceiver/receiver/scraper.go:92.77,94.54 2 0
github.com/npcomplete777/snowflakereceiver/receiver/scraper.go:94.54,97.10 2 0
github.com/npcomplete777/snowflakereceiver/receiver/scraper.go:100.5,100.77 1 1
github.com/npcomplete777/snowflakereceiver/receiver/scraper.go:100.77,102.53 2 0
github.com/npcomplete777/snowflakereceiver/receiver/scraper.go:102.53,105.10 2 0
github.com/npcomplete777/snowflakereceiver/receiver/scraper.go:108.5,108.81 1 1
github.com/npcomplete777/snowflakereceiver/receiver/scraper.go:108.81,110.56 2 0
github.com/npcomplete777/snowflakereceiver/receiver/scraper.go:110.56,113.10 2 0
github.com/npcomplete777/snowflakereceiver/receiver/scraper.go:116.5,116.79 1 1
github.com/npcomplete777/snowflakereceiver/receiver/scraper.go:116.79,118.54 2 0
github.com/npcomplete777/snowflakereceiver/receiver/scraper.go:118.54,121.10 2 0
github.com/npcomplete777/snowflakereceiver/receiver/scraper.go:124.5,124.76 1 1
github.com/npcomplete777/snowflakereceiver/receiver/scraper.go:124.76,126.54 2 0
github.com/npcomplete777/snowflakereceiver/receiver/scraper.go:126.54,129.10 2 0
github.com/npcomplete777/snowflakereceiver/receiver/scraper.go:132.5,132.85 1 1
github.com/npcomplete777/snowflakereceiver/receiver/scraper.go:132.85,134.57 2 0
github.com/npcomplete777/snowflakereceiver/receiver/scraper.go:134.57,137.10 2 0
github.com/npcomplete777/snowflakereceiver/receiver/scraper.go:140.5,140.77 1 1
github.com/npcomplete777/snowflakereceiver/receiver/scraper.go:140.77,142.53 2 0
github.com/npcomplete777/snowflakereceiver/receiver/scraper.go:142.53,145.10 2 0
github.com/npcomplete777/snowflakereceiver/receiver/scraper.go:148.5,148.87 1 1
github.com/npcomplete777/snowflakereceiver/receiver/scraper.go:148.87,150.58 2 0
github.com/npcomplete777/snowflakereceiver/receiver/scraper.go:150.58,153.10 2 0
github.com/npcomplete777/snowflakereceiver/receiver/scraper.go:156.5,156.97 1 1
github.com/npcomplete777/snowflakereceiver/receiver/scraper.go:156.97,158.64 2 0
github.com/npcomplete777/snowflakereceiver/receiver/scraper.go:158.64,161.10 2 0
github.com/npcomplete777/snowflakereceiver/receiver/scraper.go:165.5,165.37 1 1
github.com/npcomplete777/snowflakereceiver/receiver/scraper.go:165.37,166.86 1 0
github.com/npcomplete777/snowflakereceiver/receiver/scraper.go:166.86,168.61 2 0
github.com/npcomplete777/snowflakereceiver/receiver/scraper.go:168.61,171.14 2 0
github.com/npcomplete777/snowflakereceiver/receiver/scraper.go:174.9,174.84 1 0
github.com/npcomplete777/snowflakereceiver/receiver/scraper.go:174.84,176.60 2 0
github.com/npcomplete777/snowflakereceiver/receiver/scraper.go:176.60,179.14 2 0
github.com/npcomplete777/snowflakereceiver/receiver/scraper.go:182.9,182.92 1 0
github.com/npcomplete777/snowflakereceiver/receiver/scraper.go:182.92,184.64 2 0
github.com/npcomplete777/snowflakereceiver/receiver/scraper.go:184.64,187.14 2 0
github.com/npcomplete777/snowflakereceiver/receiver/scraper.go:190.9,190.94 1 0
github.com/npcomplete777/snowflakereceiver/receiver/scraper.go:190.94,192.65 2 0
github.com/npcomplete777/snowflakereceiver/receiver/scraper.go:192.65,195.14 2 0
github.com/npcomplete777/snowflakereceiver/receiver/scraper.go:200.5,200.38 1 1
github.com/npcomplete777/snowflakereceiver/receiver/scraper.go:200.38,201.92 1 0
github.com/npcomplete777/snowflakereceiver/receiver/scraper.go:201.92,203.61 2 0
github.com/npcomplete777/snowflakereceiver/receiver/scraper.go:203.61,206.14 2 0
github.com/npcomplete777/snowflakereceiver/receiver/scraper.go:209.9,209.94 1 0
github.com/npcomplete777/snowflakereceiver/receiver/scraper.go:209.94,211.62 2 0
github.com/npcomplete777/snowflakereceiver/receiver/scraper.go:211.62,214.14 2 0
github.com/npcomplete777/snowflakereceiver/receiver/scraper.go:217.9,217.94 1 0
github.com/npcomplete777/snowflakereceiver/receiver/scraper.go:217.94,219.62 2 0
github.com/npcomplete777/snowflakereceiver/receiver/scraper.go:219.62,222.14 2 0
github.com/npcomplete777/snowflakereceiver/receiver/scraper.go:225.9,225.96 1 0
github.com/npcomplete777/snowflakereceiver/receiver/scraper.go:225.96,227.63 2 0
github.com/npcomplete777/snowflakereceiver/receiver/scraper.go:227.63,230.14 2 0
github.com/npcomplete777/snowflakereceiver/receiver/scraper.go:235.5,235.78 1 1
github.com/npcomplete777/snowflakereceiver/receiver/scraper.go:235.78,236.59 1 0
github.com/npcomplete777/snowflakereceiver/receiver/scraper.go:236.59,238.10 1 0
github.com/npcomplete777/snowflakereceiver/receiver/scraper.go:241.5,241.14 1 1
github.com/npcomplete777/snowflakereceiver/receiver/scraper.go:247.136,248.35 1 1
github.com/npcomplete777/snowflakereceiver/receiver/scraper.go:248.35,258.38 9 1
github.com/npcomplete777/snowflakereceiver/receiver/scraper.go:258.38,260.10 1 1
github.com/npcomplete777/snowflakereceiver/receiver/scraper.go:261.9,261.34 1 1
github.com/npcomplete777/snowflakereceiver/receiver/scraper.go:261.34,263.10 1 1
github.com/npcomplete777/snowflakereceiver/receiver/scraper.go:264.9,264.40 1 1
github.com/npcomplete777/snowflakereceiver/receiver/scraper.go:264.40,266.10 1 1
github.com/npcomplete777/snowflakereceiver/receiver/scraper.go:267.9,270.41 2 1
github.com/npcomplete777/snowflakereceiver/receiver/scraper.go:270.41,279.42 9 1
github.com/npcomplete777/snowflakereceiver/receiver/scraper.go:279.42,281.14 1 1
github.com/npcomplete777/snowflakereceiver/receiver/scraper.go:282.13,282.38 1 1
github.com/npcomplete777/snowflakereceiver/receiver/scraper.go:282.38,284.14 1 1
github.com/npcomplete777/snowflakereceiver/receiver/scraper.go:285.13,285.76 1 1
github.com/npcomplete777/snowflakereceiver/receiver/scraper.go:289.9,289.40 1 1
github.com/npcomplete777/snowflakereceiver/receiver/scraper.go:289.40,298.42 9 1
github.com/npcomplete777/snowflakereceiver/receiver/scraper.go:298.42,300.14 1 1
github.com/npcomplete777/snowflakereceiver/receiver/scraper.go:301.13,301.38 1 1
github.com/npcomplete777/snowflakereceiver/receiver/scraper.go:301.38,303.14 1 1
github.com/npcomplete777/snowflakereceiver/receiver/scraper.go:304.13,304.77 1 1
github.com/npcomplete777/snowflakereceiver/receiver/scraper.go:309.136,310.32 1 1
github.com/npcomplete777/snowflakereceiver/receiver/scraper.go:310.32,312.34 1 1
github.com/npcomplete777/snowflakereceiver/receiver/scraper.go:312.34,321.41 9 1
github.com/npcomplete777/snowflakereceiver/receiver/scraper.go:321.41,323.14 1 1
github.com/npcomplete777/snowflakereceiver/receiver/scraper.go:324.13,324.72 1 1
github.com/npcomplete777/snowflakereceiver/receiver/scraper.go:328.9,328.37 1 1
github.com/npcomplete777/snowflakereceiver/receiver/scraper.go:328.37,337.41 9 1
github.com/npcomplete777/snowflakereceiver/receiver/scraper.go:337.41,339.14 1 1
github.com/npcomplete777/snowflakereceiver/receiver/scraper.go:340.13,340.78 1 1
github.com/npcomplete777/snowflakereceiver/receiver/scraper.go:344.9,344.45 1 1
github.com/npcomplete777/snowflakereceiver/receiver/scraper.go:344.45,353.41 9 1
github.com/npcomplete777/snowflakereceiver/receiver/scraper.go:353.41,355.14 1 1
github.com/npcomplete777/snowflakereceiver/receiver/scraper.go:356.13,356.76 1 1
github.com/npcomplete777/snowflakereceiver/receiver/scraper.go:360.9,360.34 1 1
github.com/npcomplete777/snowflakereceiver/receiver/scraper.go:360.34,369.41 9 1
github.com/npcomplete777/snowflakereceiver/receiver/scraper.go:369.41,371.14 1 1
github.com/npcomplete777/snowflakereceiver/receiver/scraper.go:372.13,372.79 1 1
github.com/npcomplete777/snowflakereceiver/receiver/scraper.go:380.124,381.32 1 1
github.com/npcomplete777/snowflakereceiver/receiver/scraper.go:381.32,391.37 9 1
github.com/npcomplete777/snowflakereceiver/receiver/scraper.go:391.37,393.10 1 1
github.com/npcomplete777/snowflakereceiver/receiver/scraper.go:394.9,394.33 1 1
github.com/npcomplete777/snowflakereceiver/receiver/scraper.go:394.33,396.10 1 1
github.com/npcomplete777/snowflakereceiver/receiver/scraper.go:397.9,397.39 1 1
github.com/npcomplete777/snowflakereceiver/receiver/scraper.go:397.39,399.10 1 1
github.com/npcomplete777/snowflakereceiver/receiver/scraper.go:400.9,403.40 2 1
github.com/npcomplete777/snowflakereceiver/receiver/scraper.go:403.40,412.41 9 1
github.com/npcomplete777/snowflakereceiver/receiver/scraper.go:412.41,414.14 1 1
github.com/npcomplete777/snowflakereceiver/receiver/scraper.go:415.13,415.37 1 1
github.com/npcomplete777/snowflakereceiver/receiver/scraper.go:415.37,417.14 1 1
github.com/npcomplete777/snowflakereceiver/receiver/scraper.go:418.13,418.71 1 1
github.com/npcomplete777/snowflakereceiver/receiver/scraper.go:422.9,422.39 1 1
github.com/npcomplete777/snowflakereceiver/receiver/scraper.go:422.39,431.41 9 1
github.com/npcomplete777/snowflakereceiver/receiver/scraper.go:431.41,433.14 1 1
github.com/npcomplete777/snowflakereceiver/receiver/scraper.go:434.13,434.37 1 1
github.com/npcomplete777/snowflakereceiver/receiver/scraper.go:434.37,436.14 1 1
github.com/npcomplete777/snowflakereceiver/receiver/scraper.go:437.13,437.72 1 1
github.com/npcomplete777/snowflakereceiver/receiver/scraper.go:441.9,441.39 1 1
github.com/npcomplete777/snowflakereceiver/receiver/scraper.go:441.39,450.41 9 1
github.com/npcomplete777/snowflakereceiver/receiver/scraper.go:450.41,452.14 1 1
github.com/npcomplete777/snowflakereceiver/receiver/scraper.go:453.13,453.37 1 1
github.com/npcomplete777/snowflakereceiver/receiver/scraper.go:453.37,455.14 1 1
github.com/npcomplete777/snowflakereceiver/receiver/scraper.go:456.13,456.74 1 1
github.com/npcomplete777/snowflakereceiver/receiver/scraper.go:460.9,460.39 1 1
github.com/npcomplete777/snowflakereceiver/receiver/scraper.go:460.39,469.41 9 1
github.com/npcomplete777/snowflakereceiver/receiver/scraper.go:469.41,471.14 1 1
github.com/npcomplete777/snowflakereceiver/receiver/scraper.go:472.13,472.37 1 1
github.com/npcomplete777/snowflakereceiver/receiver/scraper.go:472.37,474.14 1 1
github.com/npcomplete777/snowflakereceiver/receiver/scraper.go:475.13,475.71 1 1
github.com/npcomplete777/snowflakereceiver/receiver/scraper.go:479.9,479.42 1 1
github.com/npcomplete777/snowflakereceiver/receiver/scraper.go:479.42,488.41 9 1
github.com/npcomplete777/snowflakereceiver/receiver/scraper.go:488.41,490.14 1 1
github.com/npcomplete777/snowflakereceiver/receiver/scraper.go:491.13,491.37 1 1
github.com/npcomplete777/snowflakereceiver/receiver/scraper.go:491.37,493.14 1 1
github.com/npcomplete777/snowflakereceiver/receiver/scraper.go:494.13,494.71 1 1
github.com/npcomplete777/snowflakereceiver/receiver/scraper.go:499.129,500.36 1 1
github.com/npcomplete777/snowflakereceiver/receiver/scraper.go:500.36,510.39 9 1
github.com/npcomplete777/snowflakereceiver/receiver/scraper.go:510.39,512.10 1 1
github.com/npcomplete777/snowflakereceiver/receiver/scraper.go:513.9,516.40 2 1
github.com/npcomplete777/snowflakereceiver/receiver/scraper.go:516.40,525.43 9 1
github.com/npcomplete777/snowflakereceiver/receiver/scraper.go:525.43,527.14 1 1
github.com/npcomplete777/snowflakereceiver/receiver/scraper.go:528.13,528.71 1 1
github.com/npcomplete777/snowflakereceiver/receiver/scraper.go:532.9,532.45 1 1
github.com/npcomplete777/snowflakereceiver/receiver/scraper.go:532.45,541.43 9 1
github.com/npcomplete777/snowflakereceiver/receiver/scraper.go:541.43,543.14 1 1
github.com/npcomplete777/snowflakereceiver/receiver/scraper.go:544.13,544.72 1 1
github.com/npcomplete777/snowflakereceiver/receiver/scraper.go:549.131,550.32 1 1
github.com/npcomplete777/snowflakereceiver/receiver/scraper.go:550.32,552.39 1 1
github.com/npcomplete777/snowflakereceiver/receiver/scraper.go:552.39,562.10 9 1
github.com/npcomplete777/snowflakereceiver/receiver/scraper.go:565.9,565.32 1 1
github.com/npcomplete777/snowflakereceiver/receiver/scraper.go:565.32,575.10 9 1
github.com/npcomplete777/snowflakereceiver/receiver/scraper.go:578.9,578.35 1 1
github.com/npcomplete777/snowflakereceiver/receiver/scraper.go:578.35,588.10 9 1
github.com/npcomplete777/snowflakereceiver/receiver/scraper.go:592.128,593.34 1 1
github.com/npcomplete777/snowflakereceiver/receiver/scraper.go:593.34,603.66 10 1
github.com/npcomplete777/snowflakereceiver/receiver/scraper.go:603.66,605.10 1 1
github.com/npcomplete777/snowflakereceiver/receiver/scraper.go:606.9,606.63 1 1
github.com/npcomplete777/snowflakereceiver/receiver/scraper.go:610.123,611.32 1 1
github.com/npcomplete777/snowflakereceiver/receiver/scraper.go:611.32,621.32 9 1
github.com/npcomplete777/snowflakereceiver/receiver/scraper.go:621.32,623.10 1 1
github.com/npcomplete777/snowflakereceiver/receiver/scraper.go:624.9,627.37 2 1
github.com/npcomplete777/snowflakereceiver/receiver/scraper.go:627.37,636.36 9 1
github.com/npcomplete777/snowflakereceiver/receiver/scraper.go:636.36,638.14 1 1
github.com/npcomplete777/snowflakereceiver/receiver/scraper.go:639.13,639.72 1 1
github.com/npcomplete777/snowflakereceiver/receiver/scraper.go:643.9,643.37 1 1
github.com/npcomplete777/snowflakereceiver/receiver/scraper.go:643.37,652.36 9 1
github.com/npcomplete777/snowflakereceiver/receiver/scraper.go:652.36,654.14 1 1
github.com/npcomplete777/snowflakereceiver/receiver/scraper.go:655.13,655.72 1 1
github.com/npcomplete777/snowflakereceiver/receiver/scraper.go:660.144,661.34 1 1
github.com/npcomplete777/snowflakereceiver/receiver/scraper.go:661.34,663.38 1 1
github.com/npcomplete777/snowflakereceiver/receiver/scraper.go:663.38,672.38 9 1
github.com/npcomplete777/snowflakereceiver/receiver/scraper.go:672.38,674.14 1 1
github.com/npcomplete777/snowflakereceiver/receiver/scraper.go:675.13,675.67 1 1
github.com/npcomplete777/snowflakereceiver/receiver/scraper.go:679.9,679.38 1 1
github.com/npcomplete777/snowflakereceiver/receiver/scraper.go:679.38,688.38 9 1
github.com/npcomplete777/snowflakereceiver/receiver/scraper.go:688.38,690.14 1 1
github.com/npcomplete777/snowflakereceiver/receiver/scraper.go:691.13,691.75 1 1
github.com/npcomplete777/snowflakereceiver/receiver/scraper.go:696.132,697.32 1 1
github.com/npcomplete777/snowflakereceiver/receiver/scraper.go:697.32,707.36 9 1
github.com/npcomplete777/snowflakereceiver/receiver/scraper.go:707.36,709.10 1 1
github.com/npcomplete777/snowflakereceiver/receiver/scraper.go:710.9,710.34 1 1
github.com/npcomplete777/snowflakereceiver/receiver/scraper.go:710.34,712.10 1 1
github.com/npcomplete777/snowflakereceiver/receiver/scraper.go:713.9,713.32 1 1
github.com/npcomplete777/snowflakereceiver/receiver/scraper.go:713.32,715.10 1 1
github.com/npcomplete777/snowflakereceiver/receiver/scraper.go:716.9,716.29 1 1
github.com/npcomplete777/snowflakereceiver/receiver/scraper.go:716.29,718.10 1 1
github.com/npcomplete777/snowflakereceiver/receiver/scraper.go:719.9,722.40 2 1
github.com/npcomplete777/snowflakereceiver/receiver/scraper.go:722.40,731.40 9 1
github.com/npcomplete777/snowflakereceiver/receiver/scraper.go:731.40,733.14 1 1
github.com/npcomplete777/snowflakereceiver/receiver/scraper.go:734.13,734.38 1 1
github.com/npcomplete777/snowflakereceiver/receiver/scraper.go:734.38,736.14 1 1
github.com/npcomplete777/snowflakereceiver/receiver/scraper.go:737.13,737.36 1 1
github.com/npcomplete777/snowflakereceiver/receiver/scraper.go:737.36,739.14 1 1
github.com/npcomplete777/snowflakereceiver/receiver/scraper.go:740.13,740.72 1 1
github.com/npcomplete777/snowflakereceiver/receiver/scraper.go:745.144,746.39 1 1
github.com/npcomplete777/snowflakereceiver/receiver/scraper.go:746.39,756.36 9 1
github.com/npcomplete777/snowflakereceiver/receiver/scraper.go:756.36,758.10 1 1
github.com/npcomplete777/snowflakereceiver/receiver/scraper.go:759.9,762.40 2 1
github.com/npcomplete777/snowflakereceiver/receiver/scraper.go:762.40,771.40 9 1
github.com/npcomplete777/snowflakereceiver/receiver/scraper.go:771.40,773.14 1 1
github.com/npcomplete777/snowflakereceiver/receiver/scraper.go:774.13,774.72 1 1
github.com/npcomplete777/snowflakereceiver/receiver/scraper.go:779.144,780.41 1 1
github.com/npcomplete777/snowflakereceiver/receiver/scraper.go:780.41,790.39 9 1
github.com/npcomplete777/snowflakereceiver/receiver/scraper.go:790.39,792.10 1 1
github.com/npcomplete777/snowflakereceiver/receiver/scraper.go:793.9,793.37 1 1
github.com/npcomplete777/snowflakereceiver/receiver/scraper.go:793.37,795.10 1 1
github.com/npcomplete777/snowflakereceiver/receiver/scraper.go:796.9,796.36 1 1
github.com/npcomplete777/snowflakereceiver/receiver/scraper.go:796.36,798.10 1 1
github.com/npcomplete777/snowflakereceiver/receiver/scraper.go:799.9,802.43 2 1
github.com/npcomplete777/snowflakereceiver/receiver/scraper.go:802.43,811.43 9 1
github.com/npcomplete777/snowflakereceiver/receiver/scraper.go:811.43,813.14 1 1
github.com/npcomplete777/snowflakereceiver/receiver/scraper.go:814.13,814.41 1 1
github.com/npcomplete777/snowflakereceiver/receiver/scraper.go:814.41,816.14 1 1
github.com/npcomplete777/snowflakereceiver/receiver/scraper.go:817.13,817.40 1 1
github.com/npcomplete777/snowflakereceiver/receiver/scraper.go:817.40,819.14 1 1
github.com/npcomplete777/snowflakereceiver/receiver/scraper.go:820.13,820.72 1 1
github.com/npcomplete777/snowflakereceiver/receiver/scraper.go:824.9,824.42 1 1
github.com/npcomplete777/snowflakereceiver/receiver/scraper.go:824.42,833.43 9 1
github.com/npcomplete777/snowflakereceiver/receiver/scraper.go:833.43,835.14 1 1
github.com/npcomplete777/snowflakereceiver/receiver/scraper.go:836.13,836.41 1 1
github.com/npcomplete777/snowflakereceiver/receiver/scraper.go:836.41,838.14 1 1
github.com/npcomplete777/snowflakereceiver/receiver/scraper.go:839.13,839.40 1 1
github.com/npcomplete777/snowflakereceiver/receiver/scraper.go:839.40,841.14 1 1
github.com/npcomplete777/snowflakereceiver/receiver/scraper.go:842.13,842.71 1 1
github.com/npcomplete777/snowflakereceiver/receiver/scraper.go:849.131,852.34 2 1
github.com/npcomplete777/snowflakereceiver/receiver/scraper.go:852.34,853.63 1 1
github.com/npcomplete777/snowflakereceiver/receiver/scraper.go:853.63,855.10 1 1
github.com/npcomplete777/snowflakereceiver/receiver/scraper.go:857.9,858.33 2 1
github.com/npcomplete777/snowflakereceiver/receiver/scraper.go:858.33,860.10 1 1
github.com/npcomplete777/snowflakereceiver/receiver/scraper.go:861.9,861.49 1 1
github.com/npcomplete777/snowflakereceiver/receiver/scraper.go:864.5,864.56 1 1
github.com/npcomplete777/snowflakereceiver/receiver/scraper.go:864.56,865.53 1 1
github.com/npcomplete777/snowflakereceiver/receiver/scraper.go:865.53,877.10 11 1
github.com/npcomplete777/snowflakereceiver/receiver/scraper.go:880.5,881.34 2 1
github.com/npcomplete777/snowflakereceiver/receiver/scraper.go:881.34,882.72 1 1
github.com/npcomplete777/snowflakereceiver/receiver/scraper.go:882.72,884.10 1 1
github.com/npcomplete777/snowflakereceiver/receiver/scraper.go:887.5,887.23 1 1
github.com/npcomplete777/snowflakereceiver/receiver/scraper.go:887.23,897.6 9 1
github.com/npcomplete777/snowflakereceiver/receiver/scraper.go:902.138,903.39 1 1
github.com/npcomplete777/snowflakereceiver/receiver/scraper.go:903.39,912.42 9 1
github.com/npcomplete777/snowflakereceiver/receiver/scraper.go:912.42,914.10 1 1
github.com/npcomplete777/snowflakereceiver/receiver/scraper.go:915.9,915.37 1 1
github.com/npcomplete777/snowflakereceiver/receiver/scraper.go:915.37,917.10 1 1
github.com/npcomplete777/snowflakereceiver/receiver/scraper.go:918.9,918.37 1 1
github.com/npcomplete777/snowflakereceiver/receiver/scraper.go:918.37,920.10 1 1
github.com/npcomplete777/snowflakereceiver/receiver/scraper.go:921.9,921.68 1 1
github.com/npcomplete777/snowflakereceiver/receiver/scraper.go:925.140,926.40 1 1
github.com/npcomplete777/snowflakereceiver/receiver/scraper.go:926.40,928.42 1 1
github.com/npcomplete777/snowflakereceiver/receiver/scraper.go:928.42,937.47 9 1
github.com/npcomplete777/snowflakereceiver/receiver/scraper.go:937.47,939.14 1 1
github.com/npcomplete777/snowflakereceiver/receiver/scraper.go:940.13,940.42 1 1
github.com/npcomplete777/snowflakereceiver/receiver/scraper.go:940.42,942.14 1 1
github.com/npcomplete777/snowflakereceiver/receiver/scraper.go:943.13,943.72 1 1
github.com/npcomplete777/snowflakereceiver/receiver/scraper.go:947.9,947.40 1 1
github.com/npcomplete777/snowflakereceiver/receiver/scraper.go:947.40,956.47 9 1
github.com/npcomplete777/snowflakereceiver/receiver/scraper.go:956.47,958.14 1 1
github.com/npcomplete777/snowflakereceiver/receiver/scraper.go:959.13,959.42 1 1
github.com/npcomplete777/snowflakereceiver/receiver/scraper.go:959.42,961.14 1 1
github.com/npcomplete777/snowflakereceiver/receiver/scraper.go:962.13,962.77 1 1
github.com/npcomplete777/snowflakereceiver/receiver/scraper.go:966.9,966.43 1 1
github.com/npcomplete777/snowflakereceiver/receiver/scraper.go:966.43,975.47 9 1
github.com/npcomplete777/snowflakereceiver/receiver/scraper.go:975.47,977.14 1 1
github.com/npcomplete777/snowflakereceiver/receiver/scraper.go:978.13,978.42 1 1
github.com/npcomplete777/snowflakereceiver/receiver/scraper.go:978.42,980.14 1 1
github.com/npcomplete777/snowflakereceiver/receiver/scraper.go:981.13,981.80 1 1
github.com/npcomplete777/snowflakereceiver/receiver/scraper.go:986.144,987.40 1 1
github.com/npcomplete777/snowflakereceiver/receiver/scraper.go:987.40,988.49 1 1
github.com/npcomplete777/snowflakereceiver/receiver/scraper.go:988.49,997.48 9 1
github.com/npcomplete777/snowflakereceiver/receiver/scraper.go:997.48,999.14 1 1
github.com/npcomplete777/snowflakereceiver/receiver/scraper.go:1000.13,1000.49 1 1
github.com/npcomplete777/snowflakereceiver/receiver/scraper.go:1000.49,1002.14 1 1
github.com/npcomplete777/snowflakereceiver/receiver/scraper.go:1003.13,1003.49 1 1
github.com/npcomplete777/snowflakereceiver/receiver/scraper.go:1003.49,1005.14 1 1
github.com/npcomplete777/snowflakereceiver/receiver/scraper.go:1006.13,1006.44 1 1
github.com/npcomplete777/snowflakereceiver/receiver/scraper.go:1006.44,1008.14 1 1
github.com/npcomplete777/snowflakereceiver/receiver/scraper.go:1009.13,1009.44 1 1
github.com/npcomplete777/snowflakereceiver/receiver/scraper.go:1009.44,1011.14 1 1
github.com/npcomplete777/snowflakereceiver/receiver/scraper.go:1012.13,1012.72 1 1
github.com/npcomplete777/snowflakereceiver/receiver/scraper.go:1017.141,1018.40 1 1
github.com/npcomplete777/snowflakereceiver/receiver/scraper.go:1018.40,1028.44 9 1
github.com/npcomplete777/snowflakereceiver/receiver/scraper.go:1028.44,1030.10 1 1
github.com/npcomplete777/snowflakereceiver/receiver/scraper.go:1031.9,1031.42 1 1
github.com/npcomplete777/snowflakereceiver/receiver/scraper.go:1031.42,1033.10 1 1
github.com/npcomplete777/snowflakereceiver/receiver/scraper.go:1034.9,1037.46 2 1
github.com/npcomplete777/snowflakereceiver/receiver/scraper.go:1037.46,1046.48 9 1
github.com/npcomplete777/snowflakereceiver/receiver/scraper.go:1046.48,1048.14 1 1
github.com/npcomplete777/snowflakereceiver/receiver/scraper.go:1049.13,1049.46 1 1
github.com/npcomplete777/snowflakereceiver/receiver/scraper.go:1049.46,1051.14 1 1
github.com/npcomplete777/snowflakereceiver/receiver/scraper.go:1052.13,1052.78 1 1
github.com/npcomplete777/snowflakereceiver/receiver/scraper.go:1059.134,1061.25 2 1
github.com/npcomplete777/snowflakereceiver/receiver/scraper.go:1061.25,1063.6 1 0
github.com/npcomplete777/snowflakereceiver/receiver/scraper.go:1065.5,1066.51 2 1
github.com/npcomplete777/snowflakereceiver/receiver/scraper.go:1066.51,1067.66 1 1
github.com/npcomplete777/snowflakereceiver/receiver/scraper.go:1067.66,1069.18 2 1
github.com/npcomplete777/snowflakereceiver/receiver/scraper.go:1073.5,1073.27 1 1
github.com/npcomplete777/snowflakereceiver/receiver/scraper.go:1073.27,1076.6 2 0
github.com/npcomplete777/snowflakereceiver/receiver/scraper.go:1078.5,1078.37 1 1
github.com/npcomplete777/snowflakereceiver/receiver/scraper.go:1078.37,1085.20 6 1
github.com/npcomplete777/snowflakereceiver/receiver/scraper.go:1085.20,1089.21 2 0
github.com/npcomplete777/snowflakereceiver/receiver/scraper.go:1092.9,1097.43 5 1
github.com/npcomplete777/snowflakereceiver/receiver/scraper.go:1098.22,1099.27 1 1
github.com/npcomplete777/snowflakereceiver/receiver/scraper.go:1100.22,1101.36 1 1
github.com/npcomplete777/snowflakereceiver/receiver/scraper.go:1102.20,1103.36 1 1
github.com/npcomplete777/snowflakereceiver/receiver/scraper.go:1104.20,1105.36 1 1
github.com/npcomplete777/snowflakereceiver/receiver/scraper.go:1106.18,1107.36 1 1
github.com/npcomplete777/snowflakereceiver/receiver/scraper.go:1108.21,1110.27 2 1
github.com/npcomplete777/snowflakereceiver/receiver/scraper.go:1110.27,1115.25 2 0
github.com/npcomplete777/snowflakereceiver/receiver/scraper.go:1117.13,1117.32 1 1
github.com/npcomplete777/snowflakereceiver/receiver/scraper.go:1118.21,1120.27 2 0
github.com/npcomplete777/snowflakereceiver/receiver/scraper.go:1120.27,1124.25 2 0
github.com/npcomplete777/snowflakereceiver/receiver/scraper.go:1126.13,1126.32 1 0
github.com/npcomplete777/snowflakereceiver/receiver/scraper.go:1127.17,1132.21 2 0
github.com/npcomplete777/snowflakereceiver/receiver/scraper.go:1135.9,1137.59 2 1
github.com/npcomplete777/snowflakereceiver/receiver/scraper.go:1137.59,1138.81 1 1
github.com/npcomplete777/snowflakereceiver/receiver/scraper.go:1138.81,1140.14 1 1
github.com/npcomplete777/snowflakereceiver/receiver/scraper.go:1143.9,1143.62 1 1
